Number of elements = 16
    41.0 ns : PCSort_Main:any                            (209354752)
    37.7 ns : PCSort_Optimized:any                       (209354752)
    41.0 ns : PCSort_Trans:any                           (209354752)
    31.5 ns : PCSort_Main:distinct                       (-1354780672)
    22.9 ns : PCSort_WideOuter:distinct                  (-1354780672)
    42.9 ns : PCSort_WideOuter_U16:distinct              (-1354780672)
    51.5 ns : SortingNetwork_16                          (208502784)
   143.1 ns : InsertionSort                              (208502784)
   145.4 ns : StdSort                                    (208502784)
Number of elements = 32
   127.8 ns : PCSort_Main:any                            (104787968)
   107.8 ns : PCSort_Optimized:any                       (104787968)
   106.8 ns : PCSort_Trans:any                           (104787968)
    99.2 ns : PCSort_Main:distinct                       (876470272)
    76.3 ns : PCSort_WideOuter:distinct                  (876470272)
   153.5 ns : SortingNetwork_32                          (104386560)
   334.7 ns : InsertionSort                              (104386560)
   332.8 ns : StdSort                                    (104386560)
Number of elements = 64
   465.4 ns : PCSort_Main:any                            (52441088)
   360.5 ns : PCSort_Optimized:any                       (52441088)
   352.9 ns : PCSort_Trans:any                           (52441088)
   320.4 ns : PCSort_Main:distinct                       (195477504)
   289.9 ns : PCSort_WideOuter:distinct                  (195477504)
   911.7 ns : InsertionSort                              (52215808)
  1146.3 ns : StdSort                                    (52215808)
